<?xml version="1.0" encoding="UTF-8"?>
<testsuite xmlns:xsi="http://www.w3.org/2001/XMLSchema-instance" xsi:noNamespaceSchemaLocation="https://maven.apache.org/surefire/maven-surefire-plugin/xsd/surefire-test-report.xsd" name="TestSuite" time="34.957" tests="6" errors="0" skipped="0" failures="0">
  <properties>
[...]
</properties>
  <testcase name="LoginPage" classname="tc.PageTest" time="0.9"/>
  <testcase name="LoginPage" classname="tc.PageTest" time="0.512"/>
  <testcase name="LoginPage" classname="tc.PageTest" time="0.597"/>
  <testcase name="MobileBrandSelection" classname="tc.ShopTest" time="1.707"/>
  <testcase name="MobileCheckout" classname="tc.ShopTest" time="0.101"/>
  <testcase name="MobilePurchase" classname="tc.ShopTest" time="5.399"/>
</testsuite>