<?xml version="1.0" encoding="UTF-8"?>
<!-- Generated by org.testng.reporters.JUnitXMLReporter -->
<testsuite hostname="Kavins-MacBook-Pro.local" ignored="0" name="PgObjDesign" tests="6" failures="0" timestamp="2021-07-30T15:59:40 IST" time="13.809" errors="0">
  <testcase name="LoginPage" time="0.9" classname="tc.PageTest"/>
  <testcase name="LoginPage" time="0.514" classname="tc.PageTest"/>
  <testcase name="LoginPage" time="0.597" classname="tc.PageTest"/>
  <testcase name="MobileBrandSelection" time="1.708" classname="tc.ShopTest"/>
  <testcase name="MobileCheckout" time="0.102" classname="tc.ShopTest"/>
  <testcase name="MobilePurchase" time="5.398" classname="tc.ShopTest"/>
</testsuite> <!-- PgObjDesign -->
